0 info it worked if it ends with ok
1 verbose cli [
1 verbose cli   'C:\\Program Files\\nodejs\\node.exe',
1 verbose cli   'C:\\Program Files\\nodejs\\node_modules\\npm\\bin\\npm-cli.js',
1 verbose cli   'start'
1 verbose cli ]
2 info using npm@6.10.2
3 info using node@v12.9.0
4 verbose run-script [ 'prestart', 'start', 'poststart' ]
5 info lifecycle nodejs-knex@0.0.0~prestart: nodejs-knex@0.0.0
6 info lifecycle nodejs-knex@0.0.0~start: nodejs-knex@0.0.0
7 verbose lifecycle nodejs-knex@0.0.0~start: unsafe-perm in lifecycle true
8 verbose lifecycle nodejs-knex@0.0.0~start: PATH: C:\Program Files\nodejs\node_modules\npm\node_modules\npm-lifecycle\node-gyp-bin;C:\Users\Filipe\Desktop\DESENVOLVIMENTO_POS\node-products-master\node_modules\.bin;C:\Program Files\Git\mingw64\bin;C:\Program Files\Git\usr\bin;C:\Users\Filipe\bin;C:\Python27;C:\Python27\Scripts;C:\Program Files (x86)\Common Files\Oracle\Java\javapath;C:\Windows\system32;C:\Windows;C:\Windows\System32\Wbem;C:\Windows\System32\WindowsPowerShell\v1.0;C:\Program Files (x86)\Intel\OpenCL SDK\2.0\bin\x86;C:\Program Files (x86)\Intel\OpenCL SDK\2.0\bin\x64;C:\Program Files\Git\cmd;C:\Program Files\dotnet;C:\Program Files (x86)\dotnet;C:\Program Files\nodejs;C:\ProgramData\chocolatey\bin;C:\Users\Filipe Eduardo\AppData\Local\Programs\Microsoft VS Code\bin;C:\Users\Filipe Eduardo\.dotnet\tools;C:\Users\Filipe Eduardo\AppData\Roaming\npm;C:\Program Files\heroku\bin
9 verbose lifecycle nodejs-knex@0.0.0~start: CWD: C:\Users\Filipe\Desktop\DESENVOLVIMENTO_POS\node-products-master
10 silly lifecycle nodejs-knex@0.0.0~start: Args: [ '/d /s /c', 'nodemon --inspect=0.0.0.0:9229 ./bin/www' ]
11 silly lifecycle nodejs-knex@0.0.0~start: Returned: code: 1  signal: null
12 info lifecycle nodejs-knex@0.0.0~start: Failed to exec start script
13 verbose stack Error: nodejs-knex@0.0.0 start: `nodemon --inspect=0.0.0.0:9229 ./bin/www`
13 verbose stack Exit status 1
13 verbose stack     at EventEmitter.<anonymous> (C:\Program Files\nodejs\node_modules\npm\node_modules\npm-lifecycle\index.js:326:16)
13 verbose stack     at EventEmitter.emit (events.js:209:13)
13 verbose stack     at ChildProcess.<anonymous> (C:\Program Files\nodejs\node_modules\npm\node_modules\npm-lifecycle\lib\spawn.js:55:14)
13 verbose stack     at ChildProcess.emit (events.js:209:13)
13 verbose stack     at maybeClose (internal/child_process.js:1021:16)
13 verbose stack     at Process.ChildProcess._handle.onexit (internal/child_process.js:283:5)
14 verbose pkgid nodejs-knex@0.0.0
15 verbose cwd C:\Users\Filipe\Desktop\DESENVOLVIMENTO_POS\node-products-master
16 verbose Windows_NT 6.3.9600
17 verbose argv "C:\\Program Files\\nodejs\\node.exe" "C:\\Program Files\\nodejs\\node_modules\\npm\\bin\\npm-cli.js" "start"
18 verbose node v12.9.0
19 verbose npm  v6.10.2
20 error code ELIFECYCLE
21 error errno 1
22 error nodejs-knex@0.0.0 start: `nodemon --inspect=0.0.0.0:9229 ./bin/www`
22 error Exit status 1
23 error Failed at the nodejs-knex@0.0.0 start script.
23 error This is probably not a problem with npm. There is likely additional logging output above.
24 verbose exit [ 1, true ]
